2026-04-27 23:11:39,860 [INFO] ============================================================
2026-04-27 23:11:39,860 [INFO] PSI Fetcher iniciado
2026-04-27 23:11:39,861 [INFO] ============================================================
2026-04-27 23:11:39,861 [INFO] A pesquisar contratos para 2026-04-27 >= $25M...
2026-04-27 23:11:40,826 [INFO]   Página 1: 0 contratos
2026-04-27 23:11:40,826 [INFO] Total contratos encontrados: 0
2026-04-27 23:11:40,829 [INFO] Nenhum contrato encontrado para hoje.
2026-04-27 23:11:40,830 [INFO] Resultados guardados em: /Users/goncalooliveira/Documents/Projectos/Predictive Stocks Investment/data/contracts_2026-04-27_23.json
2026-04-27 23:16:45,505 [INFO]   [1/3] Lookup: T-REX SOLUTIONS LLC
2026-04-27 23:16:46,082 [INFO]   [2/3] Lookup: CLASSIC AIR CHARTER INC.
2026-04-27 23:16:46,640 [INFO]   [3/3] Lookup: VENTECH SOLUTIONS INC
2026-04-27 23:33:45,183 [INFO] ============================================================
2026-04-27 23:33:45,183 [INFO] PSI Fetcher iniciado
2026-04-27 23:33:45,184 [INFO] ============================================================
2026-04-27 23:33:45,184 [INFO] A pesquisar contratos para 2026-04-27 >= $25M...
2026-04-27 23:33:46,125 [INFO]   Página 1: 0 contratos
2026-04-27 23:33:46,126 [INFO] Total contratos encontrados: 0
2026-04-27 23:33:46,127 [INFO] Nenhum contrato encontrado para hoje.
2026-04-27 23:33:46,128 [INFO] Resultados guardados em: /Users/goncalooliveira/Documents/Projectos/Predictive Stocks Investment/data/contracts_2026-04-27_23.json
2026-04-27 23:33:47,351 [INFO] ============================================================
2026-04-27 23:33:47,351 [INFO] PSI Fetcher iniciado
2026-04-27 23:33:47,351 [INFO] ============================================================
2026-04-27 23:33:47,352 [INFO] A pesquisar contratos para 2026-04-27 >= $25M...
2026-04-27 23:33:48,221 [INFO]   Página 1: 0 contratos
2026-04-27 23:33:48,221 [INFO] Total contratos encontrados: 0
2026-04-27 23:33:48,224 [INFO] Nenhum contrato encontrado para hoje.
2026-04-27 23:33:48,225 [INFO] Resultados guardados em: /Users/goncalooliveira/Documents/Projectos/Predictive Stocks Investment/data/contracts_2026-04-27_23.json
2026-04-27 23:33:51,501 [INFO] ============================================================
2026-04-27 23:33:51,501 [INFO] PSI Fetcher iniciado
2026-04-27 23:33:51,502 [INFO] ============================================================
2026-04-27 23:33:51,502 [INFO] A pesquisar contratos para 2026-04-27 >= $25M...
2026-04-27 23:33:52,525 [INFO]   Página 1: 0 contratos
2026-04-27 23:33:52,525 [INFO] Total contratos encontrados: 0
2026-04-27 23:33:52,527 [INFO] Nenhum contrato encontrado para hoje.
2026-04-27 23:33:52,528 [INFO] Resultados guardados em: /Users/goncalooliveira/Documents/Projectos/Predictive Stocks Investment/data/contracts_2026-04-27_23.json
2026-04-27 23:33:53,906 [INFO] ============================================================
2026-04-27 23:33:53,906 [INFO] PSI Fetcher iniciado
2026-04-27 23:33:53,906 [INFO] ============================================================
2026-04-27 23:33:53,907 [INFO] A pesquisar contratos para 2026-04-27 >= $25M...
2026-04-27 23:33:54,769 [INFO]   Página 1: 0 contratos
2026-04-27 23:33:54,769 [INFO] Total contratos encontrados: 0
2026-04-27 23:33:54,771 [INFO] Nenhum contrato encontrado para hoje.
2026-04-27 23:33:54,773 [INFO] Resultados guardados em: /Users/goncalooliveira/Documents/Projectos/Predictive Stocks Investment/data/contracts_2026-04-27_23.json
2026-04-27 23:36:12,823 [INFO] ============================================================
2026-04-27 23:36:12,824 [INFO] PSI Fetcher iniciado
2026-04-27 23:36:12,824 [INFO] ============================================================
2026-04-27 23:36:12,824 [INFO] A pesquisar contratos para 2026-04-27 >= $25M...
2026-04-27 23:36:13,850 [INFO]   Página 1: 0 contratos
2026-04-27 23:36:13,850 [INFO] Total contratos encontrados: 0
2026-04-27 23:36:13,852 [INFO] Nenhum contrato encontrado para hoje.
2026-04-27 23:36:13,853 [INFO] Resultados guardados em: /Users/goncalooliveira/Documents/Projectos/Predictive Stocks Investment/data/contracts_2026-04-27_23.json
2026-04-27 23:36:16,891 [INFO] ============================================================
2026-04-27 23:36:16,891 [INFO] PSI Fetcher iniciado
2026-04-27 23:36:16,891 [INFO] ============================================================
2026-04-27 23:36:16,892 [INFO] A pesquisar contratos para 2026-04-27 >= $25M...
2026-04-27 23:36:17,935 [INFO]   Página 1: 0 contratos
2026-04-27 23:36:17,936 [INFO] Total contratos encontrados: 0
2026-04-27 23:36:17,938 [INFO] Nenhum contrato encontrado para hoje.
2026-04-27 23:36:17,938 [INFO] Resultados guardados em: /Users/goncalooliveira/Documents/Projectos/Predictive Stocks Investment/data/contracts_2026-04-27_23.json
